\BOOKMARK [0][-]{chapter.1}{Introduzione}{}% 1
\BOOKMARK [1][-]{section.1.1}{Incipit}{chapter.1}% 2
\BOOKMARK [1][-]{section.1.2}{Nozioni Preliminari}{chapter.1}% 3
\BOOKMARK [2][-]{subsection.1.2.1}{Schema di relazione}{section.1.2}% 4
\BOOKMARK [2][-]{subsection.1.2.2}{Dipendenze funzionali canoniche}{section.1.2}% 5
\BOOKMARK [2][-]{subsection.1.2.3}{Dipendenze funzionali rilassate}{section.1.2}% 6
\BOOKMARK [2][-]{subsection.1.2.4}{Scoperta di RFD}{section.1.2}% 7
\BOOKMARK [2][-]{subsection.1.2.5}{Dominanza}{section.1.2}% 8
\BOOKMARK [1][-]{section.1.3}{Studi preliminari}{chapter.1}% 9
\BOOKMARK [0][-]{chapter.2}{Stato dell'Arte}{}% 10
\BOOKMARK [1][-]{section.2.1}{AFD Discovery}{chapter.2}% 11
\BOOKMARK [1][-]{section.2.2}{MD Discovery}{chapter.2}% 12
\BOOKMARK [1][-]{section.2.3}{DD Discovery}{chapter.2}% 13
\BOOKMARK [0][-]{chapter.3}{Algoritmo}{}% 14
\BOOKMARK [1][-]{section.3.1}{Matrice delle distanze}{chapter.3}% 15
\BOOKMARK [2][-]{subsection.3.1.1}{Funzione di distanza}{section.3.1}% 16
\BOOKMARK [2][-]{subsection.3.1.2}{Calcolo della matrice delle distanze}{section.3.1}% 17
\BOOKMARK [1][-]{section.3.2}{Feasibility}{chapter.3}% 18
\BOOKMARK [1][-]{section.3.3}{Minimality e Generation}{chapter.3}% 19
\BOOKMARK [2][-]{subsection.3.3.1}{Nozioni preliminari}{section.3.3}% 20
\BOOKMARK [2][-]{subsection.3.3.2}{Minimality}{section.3.3}% 21
\BOOKMARK [0][-]{chapter.4}{Implementazione}{}% 22
\BOOKMARK [1][-]{section.4.1}{Tecnologie utilizzate}{chapter.4}% 23
\BOOKMARK [2][-]{subsection.4.1.1}{Executor Service}{section.4.1}% 24
\BOOKMARK [3][-]{subsubsection.4.1.1.1}{CachedThreadPool}{subsection.4.1.1}% 25
\BOOKMARK [3][-]{subsubsection.4.1.1.2}{FixedThreadPool}{subsection.4.1.1}% 26
\BOOKMARK [2][-]{subsection.4.1.2}{MapDB}{section.4.1}% 27
\BOOKMARK [2][-]{subsection.4.1.3}{FastUtil}{section.4.1}% 28
\BOOKMARK [2][-]{subsection.4.1.4}{Joinery Dataframe}{section.4.1}% 29
\BOOKMARK [1][-]{section.4.2}{Struttura del progetto}{chapter.4}% 30
\BOOKMARK [2][-]{subsection.4.2.1}{Package Domino}{section.4.2}% 31
\BOOKMARK [2][-]{subsection.4.2.2}{Package Task}{section.4.2}% 32
\BOOKMARK [3][-]{subsubsection.4.2.2.1}{FeasibilityTask}{subsection.4.2.2}% 33
\BOOKMARK [3][-]{subsubsection.4.2.2.2}{MinimalityTask}{subsection.4.2.2}% 34
\BOOKMARK [0][-]{chapter.5}{Sperimentazione}{}% 35
\BOOKMARK [1][-]{section.5.1}{Test}{chapter.5}% 36
\BOOKMARK [2][-]{subsection.5.1.1}{Dataset utilizzati}{section.5.1}% 37
\BOOKMARK [2][-]{subsection.5.1.2}{Tempi}{section.5.1}% 38
